Performing C SOURCE FILE Test CMAKE_HAVE_LIBC_PTHREAD failed with the following output:
Change Dir: /home/viktor/Documents/Vscode_cmake/build/CMakeFiles/CMakeTmp

Run Build Command(s):/usr/bin/make cmTC_388e9/fast && /usr/bin/make  -f CMakeFiles/cmTC_388e9.dir/build.make CMakeFiles/cmTC_388e9.dir/build
make[1]: Entering directory '/home/viktor/Documents/Vscode_cmake/build/CMakeFiles/CMakeTmp'
Building C object CMakeFiles/cmTC_388e9.dir/src.c.o
/usr/bin/cc   -DCMAKE_HAVE_LIBC_PTHREAD -o CMakeFiles/cmTC_388e9.dir/src.c.o -c /home/viktor/Documents/Vscode_cmake/build/CMakeFiles/CMakeTmp/src.c
Linking C executable cmTC_388e9
/usr/bin/cmake -E cmake_link_script CMakeFiles/cmTC_388e9.dir/link.txt --verbose=1
/usr/bin/cc  -DCMAKE_HAVE_LIBC_PTHREAD CMakeFiles/cmTC_388e9.dir/src.c.o -o cmTC_388e9 
/usr/bin/ld: CMakeFiles/cmTC_388e9.dir/src.c.o: in function `main':
src.c:(.text+0x3e): undefined reference to `pthread_create'
/usr/bin/ld: src.c:(.text+0x4a): undefined reference to `pthread_detach'
/usr/bin/ld: src.c:(.text+0x56): undefined reference to `pthread_cancel'
/usr/bin/ld: src.c:(.text+0x67): undefined reference to `pthread_join'
collect2: error: ld returned 1 exit status
make[1]: *** [CMakeFiles/cmTC_388e9.dir/build.make:106: cmTC_388e9] Error 1
make[1]: Leaving directory '/home/viktor/Documents/Vscode_cmake/build/CMakeFiles/CMakeTmp'
make: *** [Makefile:140: cmTC_388e9/fast] Error 2


Source file was:
#include <pthread.h>

void* test_func(void* data)
{
  return data;
}

int main(void)
{
  pthread_t thread;
  pthread_create(&thread, NULL, test_func, NULL);
  pthread_detach(thread);
  pthread_cancel(thread);
  pthread_join(thread, NULL);
  pthread_atfork(NULL, NULL, NULL);
  pthread_exit(NULL);

  return 0;
}

Determining if the function pthread_create exists in the pthreads failed with the following output:
Change Dir: /home/viktor/Documents/Vscode_cmake/build/CMakeFiles/CMakeTmp

Run Build Command(s):/usr/bin/make cmTC_1e435/fast && /usr/bin/make  -f CMakeFiles/cmTC_1e435.dir/build.make CMakeFiles/cmTC_1e435.dir/build
make[1]: Entering directory '/home/viktor/Documents/Vscode_cmake/build/CMakeFiles/CMakeTmp'
Building C object CMakeFiles/cmTC_1e435.dir/CheckFunctionExists.c.o
/usr/bin/cc   -DCHECK_FUNCTION_EXISTS=pthread_create -o CMakeFiles/cmTC_1e435.dir/CheckFunctionExists.c.o -c /usr/share/cmake-3.18/Modules/CheckFunctionExists.c
Linking C executable cmTC_1e435
/usr/bin/cmake -E cmake_link_script CMakeFiles/cmTC_1e435.dir/link.txt --verbose=1
/usr/bin/cc  -DCHECK_FUNCTION_EXISTS=pthread_create CMakeFiles/cmTC_1e435.dir/CheckFunctionExists.c.o -o cmTC_1e435  -lpthreads 
/usr/bin/ld: cannot find -lpthreads
collect2: error: ld returned 1 exit status
make[1]: *** [CMakeFiles/cmTC_1e435.dir/build.make:106: cmTC_1e435] Error 1
make[1]: Leaving directory '/home/viktor/Documents/Vscode_cmake/build/CMakeFiles/CMakeTmp'
make: *** [Makefile:140: cmTC_1e435/fast] Error 2



Performing C SOURCE FILE Test CMAKE_HAVE_LIBC_PTHREAD failed with the following output:
Change Dir: /home/viktor/Documents/Vscode_cmake/build/CMakeFiles/CMakeTmp

Run Build Command(s):/usr/bin/ninja cmTC_efe44 && [1/2] Building C object CMakeFiles/cmTC_efe44.dir/src.c.o
[2/2] Linking C executable cmTC_efe44
FAILED: cmTC_efe44 
: && /usr/bin/gcc -DCMAKE_HAVE_LIBC_PTHREAD  CMakeFiles/cmTC_efe44.dir/src.c.o -o cmTC_efe44   && :
/usr/bin/ld: CMakeFiles/cmTC_efe44.dir/src.c.o: in function `main':
src.c:(.text+0x3e): undefined reference to `pthread_create'
/usr/bin/ld: src.c:(.text+0x4a): undefined reference to `pthread_detach'
/usr/bin/ld: src.c:(.text+0x56): undefined reference to `pthread_cancel'
/usr/bin/ld: src.c:(.text+0x67): undefined reference to `pthread_join'
collect2: error: ld returned 1 exit status
ninja: build stopped: subcommand failed.


Source file was:
#include <pthread.h>

void* test_func(void* data)
{
  return data;
}

int main(void)
{
  pthread_t thread;
  pthread_create(&thread, NULL, test_func, NULL);
  pthread_detach(thread);
  pthread_cancel(thread);
  pthread_join(thread, NULL);
  pthread_atfork(NULL, NULL, NULL);
  pthread_exit(NULL);

  return 0;
}

Determining if the function pthread_create exists in the pthreads failed with the following output:
Change Dir: /home/viktor/Documents/Vscode_cmake/build/CMakeFiles/CMakeTmp

Run Build Command(s):/usr/bin/ninja cmTC_af2bc && [1/2] Building C object CMakeFiles/cmTC_af2bc.dir/CheckFunctionExists.c.o
[2/2] Linking C executable cmTC_af2bc
FAILED: cmTC_af2bc 
: && /usr/bin/gcc -DCHECK_FUNCTION_EXISTS=pthread_create  CMakeFiles/cmTC_af2bc.dir/CheckFunctionExists.c.o -o cmTC_af2bc  -lpthreads && :
/usr/bin/ld: cannot find -lpthreads
collect2: error: ld returned 1 exit status
ninja: build stopped: subcommand failed.



